<?xml version="1.0" encoding="UTF-8"?>
<testng-results ignored="0" total="2" passed="2" failed="0" skipped="0">
  <reporter-output>
  </reporter-output>
  <suite started-at="2021-06-26T13:58:26 IST" name="Default suite" finished-at="2021-06-26T13:59:01 IST" duration-ms="34606">
    <groups>
    </groups>
    <test started-at="2021-06-26T13:58:26 IST" name="Default test" finished-at="2021-06-26T13:59:01 IST" duration-ms="34606">
      <class name="Yatra.HomePageTest">
        <test-method is-config="true" signature="openBrowser()[pri:0, instance:Yatra.HomePageTest@16a0ee18]" started-at="2021-06-26T13:58:26 IST" name="openBrowser" finished-at="2021-06-26T13:58:29 IST" duration-ms="3197" status="PASS">
          <reporter-output>
          </reporter-output>
        </test-method> <!-- openBrowser -->
        <test-method signature="wanderHomePage(java.lang.String,java.lang.String)[pri:0, instance:Yatra.HomePageTest@16a0ee18]" started-at="2021-06-26T13:58:29 IST" name="wanderHomePage" data-provider="getData" finished-at="2021-06-26T13:58:48 IST" duration-ms="18263" status="PASS">
          <params>
            <param index="0">
              <value>
                <![CDATA[Chevak]]>
              </value>
            </param>
            <param index="1">
              <value>
                <![CDATA[Mumbai]]>
              </value>
            </param>
          </params>
          <reporter-output>
          </reporter-output>
        </test-method> <!-- wanderHomePage -->
        <test-method signature="wanderHomePage(java.lang.String,java.lang.String)[pri:0, instance:Yatra.HomePageTest@16a0ee18]" started-at="2021-06-26T13:58:48 IST" name="wanderHomePage" data-provider="getData" finished-at="2021-06-26T13:59:01 IST" duration-ms="13039" status="PASS">
          <params>
            <param index="0">
              <value>
                <![CDATA[Goa]]>
              </value>
            </param>
            <param index="1">
              <value>
                <![CDATA[Kolkata]]>
              </value>
            </param>
          </params>
          <reporter-output>
          </reporter-output>
        </test-method> <!-- wanderHomePage -->
      </class> <!-- Yatra.HomePageTest -->
    </test> <!-- Default test -->
  </suite> <!-- Default suite -->
</testng-results>
